Using pre-set license
Built from '2021.1/staging' branch; Version is '2021.1.3f1 (4bef613afd59) revision 4976481'; Using compiler version '192528614'; Build Type 'Release'
OS: 'Windows 10 Home Single Language; OS build 19042.985; Version 2009; 64bit' Language: 'ru' Physical Memory: 16178 MB
BatchMode: 1, IsHumanControllingUs: 0, StartBugReporterOnCrash: 0, Is64bit: 1, IsPro: 0

 COMMAND LINE ARGUMENTS:
C:\Program Files\Unity\Hub\Editor\2021.1.3f1\Editor\Unity.exe
-adb2
-batchMode
-noUpm
-name
AssetImportWorker0
-projectPath
C:/Users/favir0/Documents/GitHub/room_project/Unity
-logFile
Logs/AssetImportWorker0.log
-srvPort
57182
Successfully changed project path to: C:/Users/favir0/Documents/GitHub/room_project/Unity
C:/Users/favir0/Documents/GitHub/room_project/Unity
Using Asset Import Pipeline V2.
Refreshing native plugins compatible for Editor in 33.71 ms, found 0 plugins.
Preloading 0 native plugins for Editor in 0.00 ms.
Initialize engine version: 2021.1.3f1 (4bef613afd59)
[Subsystems] Discovering subsystems at path C:/Program Files/Unity/Hub/Editor/2021.1.3f1/Editor/Data/Resources/UnitySubsystems
[Subsystems] Discovering subsystems at path C:/Users/favir0/Documents/GitHub/room_project/Unity/Assets
GfxDevice: creating device client; threaded=0; jobified=0
Direct3D:
    Version:  Direct3D 11.0 [level 11.1]
    Renderer: NVIDIA GeForce GTX 1050 (ID=0x1c8d)
    Vendor:   NVIDIA
    VRAM:     4019 MB
    Driver:   27.21.14.6627
Initialize mono
Mono path[0] = 'C:/Program Files/Unity/Hub/Editor/2021.1.3f1/Editor/Data/Managed'
Mono path[1] = 'C:/Program Files/Unity/Hub/Editor/2021.1.3f1/Editor/Data/MonoBleedingEdge/lib/mono/unityjit'
Mono config path = 'C:/Program Files/Unity/Hub/Editor/2021.1.3f1/Editor/Data/MonoBleedingEdge/etc'
Using monoOptions --debugger-agent=transport=dt_socket,embedding=1,server=y,suspend=n,address=127.0.0.1:56128
Begin MonoManager ReloadAssembly
Registering precompiled unity dll's ...
Register platform support module: C:/Program Files/Unity/Hub/Editor/2021.1.3f1/Editor/Data/PlaybackEngines/WindowsStandaloneSupport/UnityEditor.WindowsStandalone.Extensions.dll
Registered in 0.027709 seconds.
Native extension for WindowsStandalone target not found
Refreshing native plugins compatible for Editor in 48.71 ms, found 0 plugins.
Preloading 0 native plugins for Editor in 0.00 ms.
Mono: successfully reloaded assembly
- Completed reload, in  1.821 seconds
Platform modules already initialized, skipping
Registering precompiled user dll's ...
Registered in 0.000941 seconds.
Begin MonoManager ReloadAssembly
Native extension for WindowsStandalone target not found
Refreshing native plugins compatible for Editor in 0.29 ms, found 0 plugins.
Preloading 0 native plugins for Editor in 0.00 ms.
Mono: successfully reloaded assembly
- Completed reload, in  0.955 seconds
Platform modules already initialized, skipping
========================================================================
Worker process is ready to serve import requests
Launched and connected shader compiler UnityShaderCompiler.exe after 0.06 seconds
Refreshing native plugins compatible for Editor in 0.31 ms, found 0 plugins.
Preloading 0 native plugins for Editor in 0.00 ms.
Unloading 1149 Unused Serialized files (Serialized files now loaded: 0)
System memory in use before: 180.1 MB.
System memory in use after: 180.2 MB.

Unloading 8 unused Assets to reduce memory usage. Loaded Objects now: 1664.
Total: 5.855000 ms (FindLiveObjects: 0.436000 ms CreateObjectMapping: 0.207200 ms MarkObjects: 4.958800 ms  DeleteObjects: 0.248300 ms)

========================================================================
Received Import Request.
  path: Assets/Scripts/MainScene/CharacterDialogue.cs
  artifactKey: Guid(c33da38806ec5894e885d63e9d17c44a) Importer(815301076,1909f56bfc062723c751e8b465ee728b)
Start importing Assets/Scripts/MainScene/CharacterDialogue.cs using Guid(c33da38806ec5894e885d63e9d17c44a) Importer(815301076,1909f56bfc062723c751e8b465ee728b)  -> (artifact id: 'bd30933a9db77c9e7ebb0046cb23921f') in 0.106749 seconds 
========================================================================
Received Prepare
Registering precompiled user dll's ...
Registered in 0.001394 seconds.
Begin MonoManager ReloadAssembly
Native extension for WindowsStandalone target not found
Refreshing native plugins compatible for Editor in 0.29 ms, found 0 plugins.
Preloading 0 native plugins for Editor in 0.00 ms.
Mono: successfully reloaded assembly
- Completed reload, in  0.811 seconds
Platform modules already initialized, skipping
Refreshing native plugins compatible for Editor in 0.35 ms, found 0 plugins.
Preloading 0 native plugins for Editor in 0.00 ms.
Unloading 1139 Unused Serialized files (Serialized files now loaded: 0)
System memory in use before: 179.5 MB.
System memory in use after: 179.6 MB.

Unloading 4 unused Assets to reduce memory usage. Loaded Objects now: 1667.
Total: 2.168500 ms (FindLiveObjects: 0.195900 ms CreateObjectMapping: 0.054600 ms MarkObjects: 1.903500 ms  DeleteObjects: 0.013100 ms)

========================================================================
Received Import Request.
  Time since last request: 8.288937 seconds.
  path: Assets/Scripts/MainScene/CharacterDialogue.cs
  artifactKey: Guid(c33da38806ec5894e885d63e9d17c44a) Importer(815301076,1909f56bfc062723c751e8b465ee728b)
Start importing Assets/Scripts/MainScene/CharacterDialogue.cs using Guid(c33da38806ec5894e885d63e9d17c44a) Importer(815301076,1909f56bfc062723c751e8b465ee728b)  -> (artifact id: '47f31a6c0103bc842e8ed2a2091ff144') in 0.004967 seconds 
========================================================================
Received Prepare
Refreshing native plugins compatible for Editor in 0.76 ms, found 0 plugins.
Preloading 0 native plugins for Editor in 0.00 ms.
Unloading 3 Unused Serialized files (Serialized files now loaded: 0)
System memory in use before: 156.9 MB.
System memory in use after: 157.0 MB.

Unloading 2 unused Assets to reduce memory usage. Loaded Objects now: 1667.
Total: 1.920100 ms (FindLiveObjects: 0.107000 ms CreateObjectMapping: 0.033500 ms MarkObjects: 1.768100 ms  DeleteObjects: 0.010300 ms)

AssetImportWorkerClient::OnTransportError - code=2 error=End of file
