Using pre-set license
Built from '2021.1/staging' branch; Version is '2021.1.3f1 (4bef613afd59) revision 4976481'; Using compiler version '192528614'; Build Type 'Release'
OS: 'Windows 10 Home Single Language; OS build 19042.928; Version 2009; 64bit' Language: 'ru' Physical Memory: 16178 MB
BatchMode: 1, IsHumanControllingUs: 0, StartBugReporterOnCrash: 0, Is64bit: 1, IsPro: 0

 COMMAND LINE ARGUMENTS:
C:\Program Files\Unity\Hub\Editor\2021.1.3f1\Editor\Unity.exe
-adb2
-batchMode
-noUpm
-name
AssetImportWorker0
-projectPath
C:/Users/favir0/Documents/GitHub/room_project/Unity
-logFile
Logs/AssetImportWorker0.log
-srvPort
50385
Successfully changed project path to: C:/Users/favir0/Documents/GitHub/room_project/Unity
C:/Users/favir0/Documents/GitHub/room_project/Unity
Using Asset Import Pipeline V2.
Refreshing native plugins compatible for Editor in 30.44 ms, found 0 plugins.
Preloading 0 native plugins for Editor in 0.00 ms.
Initialize engine version: 2021.1.3f1 (4bef613afd59)
[Subsystems] Discovering subsystems at path C:/Program Files/Unity/Hub/Editor/2021.1.3f1/Editor/Data/Resources/UnitySubsystems
[Subsystems] Discovering subsystems at path C:/Users/favir0/Documents/GitHub/room_project/Unity/Assets
GfxDevice: creating device client; threaded=0; jobified=0
Direct3D:
    Version:  Direct3D 11.0 [level 11.1]
    Renderer: NVIDIA GeForce GTX 1050 (ID=0x1c8d)
    Vendor:   NVIDIA
    VRAM:     4019 MB
    Driver:   27.21.14.6627
Initialize mono
Mono path[0] = 'C:/Program Files/Unity/Hub/Editor/2021.1.3f1/Editor/Data/Managed'
Mono path[1] = 'C:/Program Files/Unity/Hub/Editor/2021.1.3f1/Editor/Data/MonoBleedingEdge/lib/mono/unityjit'
Mono config path = 'C:/Program Files/Unity/Hub/Editor/2021.1.3f1/Editor/Data/MonoBleedingEdge/etc'
Using monoOptions --debugger-agent=transport=dt_socket,embedding=1,server=y,suspend=n,address=127.0.0.1:56788
Begin MonoManager ReloadAssembly
Registering precompiled unity dll's ...
Register platform support module: C:/Program Files/Unity/Hub/Editor/2021.1.3f1/Editor/Data/PlaybackEngines/WindowsStandaloneSupport/UnityEditor.WindowsStandalone.Extensions.dll
Registered in 0.001885 seconds.
Native extension for WindowsStandalone target not found
Refreshing native plugins compatible for Editor in 46.03 ms, found 0 plugins.
Preloading 0 native plugins for Editor in 0.00 ms.
Mono: successfully reloaded assembly
- Completed reload, in  1.119 seconds
Platform modules already initialized, skipping
Registering precompiled user dll's ...
Registered in 0.001020 seconds.
Begin MonoManager ReloadAssembly
Native extension for WindowsStandalone target not found
Refreshing native plugins compatible for Editor in 0.28 ms, found 0 plugins.
Preloading 0 native plugins for Editor in 0.00 ms.
Mono: successfully reloaded assembly
- Completed reload, in  0.851 seconds
Platform modules already initialized, skipping
========================================================================
Worker process is ready to serve import requests
Launched and connected shader compiler UnityShaderCompiler.exe after 0.04 seconds
Refreshing native plugins compatible for Editor in 0.28 ms, found 0 plugins.
Preloading 0 native plugins for Editor in 0.00 ms.
Unloading 1145 Unused Serialized files (Serialized files now loaded: 0)
System memory in use before: 178.0 MB.
System memory in use after: 178.1 MB.

Unloading 8 unused Assets to reduce memory usage. Loaded Objects now: 1644.
Total: 1.653300 ms (FindLiveObjects: 0.132200 ms CreateObjectMapping: 0.040700 ms MarkObjects: 1.462200 ms  DeleteObjects: 0.016800 ms)

========================================================================
Received Import Request.
  path: Assets/Material/RoomBase/Potolok.mat
  artifactKey: Guid(6825b252fccff6043846e0fdf571724a) Importer(815301076,1909f56bfc062723c751e8b465ee728b)
Start importing Assets/Material/RoomBase/Potolok.mat using Guid(6825b252fccff6043846e0fdf571724a) Importer(815301076,1909f56bfc062723c751e8b465ee728b)  -> (artifact id: '045443cdd318fc18eab1426ce49babd1') in 0.131825 seconds 
========================================================================
Received Import Request.
  Time since last request: 0.000229 seconds.
  path: Assets/Material/RoomBase/Floor.mat
  artifactKey: Guid(c76970f53c631844392197d2bca5db93) Importer(815301076,1909f56bfc062723c751e8b465ee728b)
Start importing Assets/Material/RoomBase/Floor.mat using Guid(c76970f53c631844392197d2bca5db93) Importer(815301076,1909f56bfc062723c751e8b465ee728b)  -> (artifact id: '3f75eb91641c180dd47d744da27e9ad7') in 0.014672 seconds 
========================================================================
Received Import Request.
  Time since last request: 830.779169 seconds.
  path: Assets/Sounds/436d3faaae06e71.mp3
  artifactKey: Guid(5d34e9976f4079044b1d8291910262dd) Importer(815301076,1909f56bfc062723c751e8b465ee728b)
Start importing Assets/Sounds/436d3faaae06e71.mp3 using Guid(5d34e9976f4079044b1d8291910262dd) Importer(815301076,1909f56bfc062723c751e8b465ee728b)  -> (artifact id: '8e161a142400af47dfca2acaef1c8b5e') in 0.061422 seconds 
========================================================================
Received Prepare
Registering precompiled user dll's ...
Registered in 0.000726 seconds.
Begin MonoManager ReloadAssembly
Native extension for WindowsStandalone target not found
Refreshing native plugins compatible for Editor in 0.28 ms, found 0 plugins.
Preloading 0 native plugins for Editor in 0.00 ms.
Mono: successfully reloaded assembly
- Completed reload, in  0.757 seconds
Platform modules already initialized, skipping
Refreshing native plugins compatible for Editor in 0.28 ms, found 0 plugins.
Preloading 0 native plugins for Editor in 0.00 ms.
Unloading 1135 Unused Serialized files (Serialized files now loaded: 0)
System memory in use before: 181.5 MB.
System memory in use after: 181.6 MB.

Unloading 4 unused Assets to reduce memory usage. Loaded Objects now: 1689.
Total: 1.531500 ms (FindLiveObjects: 0.138400 ms CreateObjectMapping: 0.042100 ms MarkObjects: 1.339400 ms  DeleteObjects: 0.010900 ms)

========================================================================
Received Import Request.
  Time since last request: 95.773963 seconds.
  path: Assets/Sounds/gosoundtrack-nostalgia.mp3
  artifactKey: Guid(1790f83bb2fe5384e974278919118fde) Importer(815301076,1909f56bfc062723c751e8b465ee728b)
Start importing Assets/Sounds/gosoundtrack-nostalgia.mp3 using Guid(1790f83bb2fe5384e974278919118fde) Importer(815301076,1909f56bfc062723c751e8b465ee728b)  -> (artifact id: '4bfe4e59be9cf7c781bb0d1c7d52ac5f') in 0.066208 seconds 
========================================================================
Received Prepare
Registering precompiled user dll's ...
Registered in 0.000759 seconds.
Begin MonoManager ReloadAssembly
Native extension for WindowsStandalone target not found
Refreshing native plugins compatible for Editor in 0.31 ms, found 0 plugins.
Preloading 0 native plugins for Editor in 0.00 ms.
Mono: successfully reloaded assembly
- Completed reload, in  0.814 seconds
Platform modules already initialized, skipping
Refreshing native plugins compatible for Editor in 0.29 ms, found 0 plugins.
Preloading 0 native plugins for Editor in 0.00 ms.
Unloading 1135 Unused Serialized files (Serialized files now loaded: 0)
System memory in use before: 181.5 MB.
System memory in use after: 181.6 MB.

Unloading 4 unused Assets to reduce memory usage. Loaded Objects now: 1693.
Total: 1.656400 ms (FindLiveObjects: 0.117000 ms CreateObjectMapping: 0.033100 ms MarkObjects: 1.488500 ms  DeleteObjects: 0.016900 ms)

========================================================================
Received Import Request.
  Time since last request: 95.071436 seconds.
  path: Assets/Sounds/Test/marcel-pequel-four.mp3
  artifactKey: Guid(7940c8c0335479b4eb93eb8a8baabf03) Importer(815301076,1909f56bfc062723c751e8b465ee728b)
Start importing Assets/Sounds/Test/marcel-pequel-four.mp3 using Guid(7940c8c0335479b4eb93eb8a8baabf03) Importer(815301076,1909f56bfc062723c751e8b465ee728b)  -> (artifact id: '613ee370d987fd288314f93421245f98') in 0.074755 seconds 
========================================================================
Received Import Request.
  Time since last request: 0.000339 seconds.
  path: Assets/Sounds/Test/savfk-past-tense.mp3
  artifactKey: Guid(c89bc51f52cd331478c435a812eea86f) Importer(815301076,1909f56bfc062723c751e8b465ee728b)
Start importing Assets/Sounds/Test/savfk-past-tense.mp3 using Guid(c89bc51f52cd331478c435a812eea86f) Importer(815301076,1909f56bfc062723c751e8b465ee728b)  -> (artifact id: 'a2de3b60b605e4aaf8ece46bcb6bae2f') in 0.017403 seconds 
========================================================================
Received Prepare
Registering precompiled user dll's ...
Registered in 0.000888 seconds.
Begin MonoManager ReloadAssembly
Native extension for WindowsStandalone target not found
Refreshing native plugins compatible for Editor in 0.32 ms, found 0 plugins.
Preloading 0 native plugins for Editor in 0.00 ms.
Mono: successfully reloaded assembly
- Completed reload, in  0.855 seconds
Platform modules already initialized, skipping
Refreshing native plugins compatible for Editor in 0.28 ms, found 0 plugins.
Preloading 0 native plugins for Editor in 0.00 ms.
Unloading 1135 Unused Serialized files (Serialized files now loaded: 0)
System memory in use before: 181.5 MB.
System memory in use after: 181.6 MB.

Unloading 4 unused Assets to reduce memory usage. Loaded Objects now: 1697.
Total: 2.566300 ms (FindLiveObjects: 0.260500 ms CreateObjectMapping: 0.173200 ms MarkObjects: 2.117300 ms  DeleteObjects: 0.014100 ms)

========================================================================
Received Import Request.
  Time since last request: 193.103206 seconds.
  path: Assets/Sounds/BGMusic.mp3
  artifactKey: Guid(7940c8c0335479b4eb93eb8a8baabf03) Importer(815301076,1909f56bfc062723c751e8b465ee728b)
Start importing Assets/Sounds/BGMusic.mp3 using Guid(7940c8c0335479b4eb93eb8a8baabf03) Importer(815301076,1909f56bfc062723c751e8b465ee728b)  -> (artifact id: 'd3fab6559463d60254a9bfd9f5d82267') in 0.082027 seconds 
========================================================================
Received Prepare
Refreshing native plugins compatible for Editor in 0.79 ms, found 0 plugins.
Preloading 0 native plugins for Editor in 0.00 ms.
Unloading 3 Unused Serialized files (Serialized files now loaded: 0)
System memory in use before: 159.0 MB.
System memory in use after: 159.1 MB.

Unloading 2 unused Assets to reduce memory usage. Loaded Objects now: 1698.
Total: 2.945300 ms (FindLiveObjects: 0.306600 ms CreateObjectMapping: 0.065100 ms MarkObjects: 2.554300 ms  DeleteObjects: 0.018100 ms)

========================================================================
Received Import Request.
  Time since last request: 64.704077 seconds.
  path: Assets/Scenes/StartMenuScene.unity
  artifactKey: Guid(00a7bbf2292f16f4e89c2959b7467324) Importer(815301076,1909f56bfc062723c751e8b465ee728b)
Start importing Assets/Scenes/StartMenuScene.unity using Guid(00a7bbf2292f16f4e89c2959b7467324) Importer(815301076,1909f56bfc062723c751e8b465ee728b)  -> (artifact id: 'a7dde13613cfc47dfea100b57385ec25') in 0.029568 seconds 
========================================================================
Received Prepare
Refreshing native plugins compatible for Editor in 0.74 ms, found 0 plugins.
Preloading 0 native plugins for Editor in 0.00 ms.
Unloading 3 Unused Serialized files (Serialized files now loaded: 0)
System memory in use before: 159.0 MB.
System memory in use after: 159.1 MB.

Unloading 2 unused Assets to reduce memory usage. Loaded Objects now: 1698.
Total: 2.529700 ms (FindLiveObjects: 0.159400 ms CreateObjectMapping: 0.049000 ms MarkObjects: 2.309200 ms  DeleteObjects: 0.011200 ms)

========================================================================
Received Import Request.
  Time since last request: 305.028270 seconds.
  path: Assets/Scenes/MainScene.unity
  artifactKey: Guid(8c400eb1804d4a84fa3828265e010923) Importer(815301076,1909f56bfc062723c751e8b465ee728b)
Start importing Assets/Scenes/MainScene.unity using Guid(8c400eb1804d4a84fa3828265e010923) Importer(815301076,1909f56bfc062723c751e8b465ee728b)  -> (artifact id: '61b2155a1a40468ca8b736edfefb4314') in 0.031785 seconds 
========================================================================
Received Prepare
Registering precompiled user dll's ...
Registered in 0.000814 seconds.
Begin MonoManager ReloadAssembly
Native extension for WindowsStandalone target not found
Refreshing native plugins compatible for Editor in 0.28 ms, found 0 plugins.
Preloading 0 native plugins for Editor in 0.00 ms.
Mono: successfully reloaded assembly
- Completed reload, in  0.896 seconds
Platform modules already initialized, skipping
Refreshing native plugins compatible for Editor in 0.32 ms, found 0 plugins.
Preloading 0 native plugins for Editor in 0.00 ms.
Unloading 1135 Unused Serialized files (Serialized files now loaded: 0)
System memory in use before: 181.6 MB.
System memory in use after: 181.7 MB.

Unloading 4 unused Assets to reduce memory usage. Loaded Objects now: 1701.
Total: 1.737600 ms (FindLiveObjects: 0.154200 ms CreateObjectMapping: 0.049700 ms MarkObjects: 1.520600 ms  DeleteObjects: 0.011900 ms)

========================================================================
Received Import Request.
  Time since last request: 1418.323392 seconds.
  path: Assets/Scripts/MainScene/DragRigidbodyUse.cs
  artifactKey: Guid(4a3d0df7656a0c0478c093ff0fd79c3f) Importer(815301076,1909f56bfc062723c751e8b465ee728b)
Start importing Assets/Scripts/MainScene/DragRigidbodyUse.cs using Guid(4a3d0df7656a0c0478c093ff0fd79c3f) Importer(815301076,1909f56bfc062723c751e8b465ee728b)  -> (artifact id: '3ccbc153d56978aa53545ed91576b4a7') in 0.023772 seconds 
========================================================================
Received Prepare
Registering precompiled user dll's ...
Registered in 0.001298 seconds.
Begin MonoManager ReloadAssembly
Native extension for WindowsStandalone target not found
Refreshing native plugins compatible for Editor in 0.45 ms, found 0 plugins.
Preloading 0 native plugins for Editor in 0.00 ms.
Mono: successfully reloaded assembly
- Completed reload, in  0.879 seconds
Platform modules already initialized, skipping
Refreshing native plugins compatible for Editor in 0.59 ms, found 0 plugins.
Preloading 0 native plugins for Editor in 0.00 ms.
Unloading 1135 Unused Serialized files (Serialized files now loaded: 0)
System memory in use before: 181.6 MB.
System memory in use after: 181.7 MB.

Unloading 4 unused Assets to reduce memory usage. Loaded Objects now: 1704.
Total: 2.355000 ms (FindLiveObjects: 0.211000 ms CreateObjectMapping: 0.066400 ms MarkObjects: 2.055100 ms  DeleteObjects: 0.020900 ms)

========================================================================
Received Prepare
Registering precompiled user dll's ...
Registered in 0.000972 seconds.
Begin MonoManager ReloadAssembly
Native extension for WindowsStandalone target not found
Refreshing native plugins compatible for Editor in 0.33 ms, found 0 plugins.
Preloading 0 native plugins for Editor in 0.00 ms.
Mono: successfully reloaded assembly
- Completed reload, in  0.896 seconds
Platform modules already initialized, skipping
Refreshing native plugins compatible for Editor in 0.30 ms, found 0 plugins.
Preloading 0 native plugins for Editor in 0.00 ms.
Unloading 1135 Unused Serialized files (Serialized files now loaded: 0)
System memory in use before: 181.6 MB.
System memory in use after: 181.7 MB.

Unloading 4 unused Assets to reduce memory usage. Loaded Objects now: 1707.
Total: 1.895400 ms (FindLiveObjects: 0.212000 ms CreateObjectMapping: 0.061800 ms MarkObjects: 1.601400 ms  DeleteObjects: 0.017800 ms)

========================================================================
Received Import Request.
  Time since last request: 402.155976 seconds.
  path: Assets/Scripts/MainScene/DragRigidbodyUse.cs
  artifactKey: Guid(4a3d0df7656a0c0478c093ff0fd79c3f) Importer(815301076,1909f56bfc062723c751e8b465ee728b)
Start importing Assets/Scripts/MainScene/DragRigidbodyUse.cs using Guid(4a3d0df7656a0c0478c093ff0fd79c3f) Importer(815301076,1909f56bfc062723c751e8b465ee728b)  -> (artifact id: '9bb059359c93ade5648168b8a614806e') in 0.006806 seconds 
========================================================================
Received Prepare
Registering precompiled user dll's ...
Registered in 0.001087 seconds.
Begin MonoManager ReloadAssembly
Native extension for WindowsStandalone target not found
Refreshing native plugins compatible for Editor in 0.61 ms, found 0 plugins.
Preloading 0 native plugins for Editor in 0.00 ms.
Mono: successfully reloaded assembly
- Completed reload, in  0.901 seconds
Platform modules already initialized, skipping
Refreshing native plugins compatible for Editor in 0.28 ms, found 0 plugins.
Preloading 0 native plugins for Editor in 0.00 ms.
Unloading 1135 Unused Serialized files (Serialized files now loaded: 0)
System memory in use before: 181.6 MB.
System memory in use after: 181.7 MB.

Unloading 4 unused Assets to reduce memory usage. Loaded Objects now: 1710.
Total: 1.822900 ms (FindLiveObjects: 0.158000 ms CreateObjectMapping: 0.053200 ms MarkObjects: 1.594700 ms  DeleteObjects: 0.015400 ms)

========================================================================
Received Import Request.
  Time since last request: 47.890130 seconds.
  path: Assets/Scripts/MainScene/DragRigidbodyUse.cs
  artifactKey: Guid(4a3d0df7656a0c0478c093ff0fd79c3f) Importer(815301076,1909f56bfc062723c751e8b465ee728b)
Start importing Assets/Scripts/MainScene/DragRigidbodyUse.cs using Guid(4a3d0df7656a0c0478c093ff0fd79c3f) Importer(815301076,1909f56bfc062723c751e8b465ee728b)  -> (artifact id: '8caab836e2d187f4db8bb861f2542a65') in 0.007852 seconds 
========================================================================
Received Prepare
Registering precompiled user dll's ...
Registered in 0.001377 seconds.
Begin MonoManager ReloadAssembly
Native extension for WindowsStandalone target not found
Refreshing native plugins compatible for Editor in 0.77 ms, found 0 plugins.
Preloading 0 native plugins for Editor in 0.00 ms.
Mono: successfully reloaded assembly
- Completed reload, in  0.889 seconds
Platform modules already initialized, skipping
Refreshing native plugins compatible for Editor in 0.29 ms, found 0 plugins.
Preloading 0 native plugins for Editor in 0.00 ms.
Unloading 1135 Unused Serialized files (Serialized files now loaded: 0)
System memory in use before: 181.6 MB.
System memory in use after: 181.7 MB.

Unloading 4 unused Assets to reduce memory usage. Loaded Objects now: 1713.
Total: 2.583500 ms (FindLiveObjects: 0.260500 ms CreateObjectMapping: 0.083900 ms MarkObjects: 2.217100 ms  DeleteObjects: 0.020800 ms)

========================================================================
Received Import Request.
  Time since last request: 14.888620 seconds.
  path: Assets/Scripts/MainScene/DragRigidbodyUse.cs
  artifactKey: Guid(4a3d0df7656a0c0478c093ff0fd79c3f) Importer(815301076,1909f56bfc062723c751e8b465ee728b)
Start importing Assets/Scripts/MainScene/DragRigidbodyUse.cs using Guid(4a3d0df7656a0c0478c093ff0fd79c3f) Importer(815301076,1909f56bfc062723c751e8b465ee728b)  -> (artifact id: '005f906c2dcd8e59ab347c3fbb8d11e1') in 0.004657 seconds 
========================================================================
Received Prepare
Registering precompiled user dll's ...
Registered in 0.000804 seconds.
Begin MonoManager ReloadAssembly
Native extension for WindowsStandalone target not found
Refreshing native plugins compatible for Editor in 0.31 ms, found 0 plugins.
Preloading 0 native plugins for Editor in 0.00 ms.
Mono: successfully reloaded assembly
- Completed reload, in  0.827 seconds
Platform modules already initialized, skipping
Refreshing native plugins compatible for Editor in 0.34 ms, found 0 plugins.
Preloading 0 native plugins for Editor in 0.00 ms.
Unloading 1135 Unused Serialized files (Serialized files now loaded: 0)
System memory in use before: 181.6 MB.
System memory in use after: 181.7 MB.

Unloading 4 unused Assets to reduce memory usage. Loaded Objects now: 1716.
Total: 2.696900 ms (FindLiveObjects: 0.157400 ms CreateObjectMapping: 0.045100 ms MarkObjects: 2.477600 ms  DeleteObjects: 0.015300 ms)

========================================================================
Received Prepare
Registering precompiled user dll's ...
Registered in 0.000772 seconds.
Begin MonoManager ReloadAssembly
Native extension for WindowsStandalone target not found
Refreshing native plugins compatible for Editor in 0.28 ms, found 0 plugins.
Preloading 0 native plugins for Editor in 0.00 ms.
Mono: successfully reloaded assembly
- Completed reload, in  0.834 seconds
Platform modules already initialized, skipping
Refreshing native plugins compatible for Editor in 0.28 ms, found 0 plugins.
Preloading 0 native plugins for Editor in 0.00 ms.
Unloading 1135 Unused Serialized files (Serialized files now loaded: 0)
System memory in use before: 181.6 MB.
System memory in use after: 181.7 MB.

Unloading 4 unused Assets to reduce memory usage. Loaded Objects now: 1719.
Total: 1.656300 ms (FindLiveObjects: 0.139400 ms CreateObjectMapping: 0.035700 ms MarkObjects: 1.468300 ms  DeleteObjects: 0.011300 ms)

========================================================================
Received Prepare
Registering precompiled user dll's ...
Registered in 0.001354 seconds.
Begin MonoManager ReloadAssembly
Native extension for WindowsStandalone target not found
Refreshing native plugins compatible for Editor in 0.36 ms, found 0 plugins.
Preloading 0 native plugins for Editor in 0.00 ms.
Mono: successfully reloaded assembly
- Completed reload, in  0.812 seconds
Platform modules already initialized, skipping
Refreshing native plugins compatible for Editor in 0.29 ms, found 0 plugins.
Preloading 0 native plugins for Editor in 0.00 ms.
Unloading 1135 Unused Serialized files (Serialized files now loaded: 0)
System memory in use before: 181.6 MB.
System memory in use after: 181.7 MB.

Unloading 4 unused Assets to reduce memory usage. Loaded Objects now: 1722.
Total: 2.218100 ms (FindLiveObjects: 0.211000 ms CreateObjectMapping: 0.083600 ms MarkObjects: 1.905600 ms  DeleteObjects: 0.016800 ms)

========================================================================
Received Prepare
Registering precompiled user dll's ...
Registered in 0.001234 seconds.
Begin MonoManager ReloadAssembly
Native extension for WindowsStandalone target not found
Refreshing native plugins compatible for Editor in 0.58 ms, found 0 plugins.
Preloading 0 native plugins for Editor in 0.00 ms.
Mono: successfully reloaded assembly
- Completed reload, in  0.864 seconds
Platform modules already initialized, skipping
Refreshing native plugins compatible for Editor in 0.35 ms, found 0 plugins.
Preloading 0 native plugins for Editor in 0.00 ms.
Unloading 1135 Unused Serialized files (Serialized files now loaded: 0)
System memory in use before: 181.6 MB.
System memory in use after: 181.7 MB.

Unloading 4 unused Assets to reduce memory usage. Loaded Objects now: 1725.
Total: 1.991600 ms (FindLiveObjects: 0.157700 ms CreateObjectMapping: 0.044500 ms MarkObjects: 1.772400 ms  DeleteObjects: 0.016000 ms)

========================================================================
Received Prepare
Registering precompiled user dll's ...
Registered in 0.001056 seconds.
Begin MonoManager ReloadAssembly
Native extension for WindowsStandalone target not found
Refreshing native plugins compatible for Editor in 0.29 ms, found 0 plugins.
Preloading 0 native plugins for Editor in 0.00 ms.
Mono: successfully reloaded assembly
- Completed reload, in  0.917 seconds
Platform modules already initialized, skipping
Refreshing native plugins compatible for Editor in 0.30 ms, found 0 plugins.
Preloading 0 native plugins for Editor in 0.00 ms.
Unloading 1135 Unused Serialized files (Serialized files now loaded: 0)
System memory in use before: 181.6 MB.
System memory in use after: 181.7 MB.

Unloading 4 unused Assets to reduce memory usage. Loaded Objects now: 1728.
Total: 2.577000 ms (FindLiveObjects: 0.180900 ms CreateObjectMapping: 0.078500 ms MarkObjects: 2.294700 ms  DeleteObjects: 0.021100 ms)

========================================================================
Received Prepare
Registering precompiled user dll's ...
Registered in 0.000790 seconds.
Begin MonoManager ReloadAssembly
Native extension for WindowsStandalone target not found
Refreshing native plugins compatible for Editor in 0.29 ms, found 0 plugins.
Preloading 0 native plugins for Editor in 0.00 ms.
Mono: successfully reloaded assembly
- Completed reload, in  0.815 seconds
Platform modules already initialized, skipping
Refreshing native plugins compatible for Editor in 0.28 ms, found 0 plugins.
Preloading 0 native plugins for Editor in 0.00 ms.
Unloading 1135 Unused Serialized files (Serialized files now loaded: 0)
System memory in use before: 181.7 MB.
System memory in use after: 181.7 MB.

Unloading 4 unused Assets to reduce memory usage. Loaded Objects now: 1731.
Total: 2.225900 ms (FindLiveObjects: 0.298000 ms CreateObjectMapping: 0.112700 ms MarkObjects: 1.794700 ms  DeleteObjects: 0.017700 ms)

========================================================================
Received Prepare
Registering precompiled user dll's ...
Registered in 0.000686 seconds.
Begin MonoManager ReloadAssembly
Native extension for WindowsStandalone target not found
Refreshing native plugins compatible for Editor in 0.28 ms, found 0 plugins.
Preloading 0 native plugins for Editor in 0.00 ms.
Mono: successfully reloaded assembly
- Completed reload, in  0.794 seconds
Platform modules already initialized, skipping
Refreshing native plugins compatible for Editor in 0.39 ms, found 0 plugins.
Preloading 0 native plugins for Editor in 0.00 ms.
Unloading 1135 Unused Serialized files (Serialized files now loaded: 0)
System memory in use before: 181.7 MB.
System memory in use after: 181.8 MB.

Unloading 4 unused Assets to reduce memory usage. Loaded Objects now: 1734.
Total: 1.843200 ms (FindLiveObjects: 0.143400 ms CreateObjectMapping: 0.048200 ms MarkObjects: 1.636200 ms  DeleteObjects: 0.014200 ms)

========================================================================
Received Prepare
Registering precompiled user dll's ...
Registered in 0.000792 seconds.
Begin MonoManager ReloadAssembly
Native extension for WindowsStandalone target not found
Refreshing native plugins compatible for Editor in 0.55 ms, found 0 plugins.
Preloading 0 native plugins for Editor in 0.00 ms.
Mono: successfully reloaded assembly
- Completed reload, in  0.840 seconds
Platform modules already initialized, skipping
Refreshing native plugins compatible for Editor in 0.85 ms, found 0 plugins.
Preloading 0 native plugins for Editor in 0.00 ms.
Unloading 1135 Unused Serialized files (Serialized files now loaded: 0)
System memory in use before: 181.7 MB.
System memory in use after: 181.8 MB.

Unloading 4 unused Assets to reduce memory usage. Loaded Objects now: 1737.
Total: 4.604700 ms (FindLiveObjects: 0.186000 ms CreateObjectMapping: 0.050800 ms MarkObjects: 4.349600 ms  DeleteObjects: 0.016500 ms)

========================================================================
Received Prepare
Registering precompiled user dll's ...
Registered in 0.001243 seconds.
Begin MonoManager ReloadAssembly
Native extension for WindowsStandalone target not found
Refreshing native plugins compatible for Editor in 0.31 ms, found 0 plugins.
Preloading 0 native plugins for Editor in 0.00 ms.
Mono: successfully reloaded assembly
- Completed reload, in  0.858 seconds
Platform modules already initialized, skipping
Refreshing native plugins compatible for Editor in 0.97 ms, found 0 plugins.
Preloading 0 native plugins for Editor in 0.00 ms.
Unloading 1135 Unused Serialized files (Serialized files now loaded: 0)
System memory in use before: 181.7 MB.
System memory in use after: 181.8 MB.

Unloading 4 unused Assets to reduce memory usage. Loaded Objects now: 1740.
Total: 2.046500 ms (FindLiveObjects: 0.187800 ms CreateObjectMapping: 0.043700 ms MarkObjects: 1.797700 ms  DeleteObjects: 0.016000 ms)

========================================================================
Received Prepare
Refreshing native plugins compatible for Editor in 0.72 ms, found 0 plugins.
Preloading 0 native plugins for Editor in 0.00 ms.
Unloading 3 Unused Serialized files (Serialized files now loaded: 0)
System memory in use before: 159.1 MB.
System memory in use after: 159.2 MB.

Unloading 2 unused Assets to reduce memory usage. Loaded Objects now: 1740.
Total: 1.820400 ms (FindLiveObjects: 0.178400 ms CreateObjectMapping: 0.057500 ms MarkObjects: 1.570100 ms  DeleteObjects: 0.013200 ms)

========================================================================
Received Import Request.
  Time since last request: 1692.141577 seconds.
  path: Assets/SkyBox/StartMenu/MainMenuV2.png
  artifactKey: Guid(b5e28a76983cc0443a76f4f23f6ab416) Importer(815301076,1909f56bfc062723c751e8b465ee728b)
Start importing Assets/SkyBox/StartMenu/MainMenuV2.png using Guid(b5e28a76983cc0443a76f4f23f6ab416) Importer(815301076,1909f56bfc062723c751e8b465ee728b)  -> (artifact id: 'e70ca5ea84c8147deee8e5b604a175b4') in 0.188607 seconds 
========================================================================
Received Import Request.
  Time since last request: 12.153630 seconds.
  path: Assets/SkyBox/StartMenu/MainMenuV2.png
  artifactKey: Guid(b5e28a76983cc0443a76f4f23f6ab416) Importer(815301076,1909f56bfc062723c751e8b465ee728b)
Start importing Assets/SkyBox/StartMenu/MainMenuV2.png using Guid(b5e28a76983cc0443a76f4f23f6ab416) Importer(815301076,1909f56bfc062723c751e8b465ee728b)  -> (artifact id: 'e97447748e462531150b0b846fc2e698') in 0.034118 seconds 
========================================================================
Received Import Request.
  Time since last request: 15.805314 seconds.
  path: Assets/Scenes/StartMenuScene.unity
  artifactKey: Guid(00a7bbf2292f16f4e89c2959b7467324) Importer(815301076,1909f56bfc062723c751e8b465ee728b)
Start importing Assets/Scenes/StartMenuScene.unity using Guid(00a7bbf2292f16f4e89c2959b7467324) Importer(815301076,1909f56bfc062723c751e8b465ee728b)  -> (artifact id: 'c4501adaf8add43c5437405382caccf7') in 0.003249 seconds 
========================================================================
Received Prepare
Refreshing native plugins compatible for Editor in 0.74 ms, found 0 plugins.
Preloading 0 native plugins for Editor in 0.00 ms.
Unloading 3 Unused Serialized files (Serialized files now loaded: 0)
System memory in use before: 159.2 MB.
System memory in use after: 159.4 MB.

Unloading 2 unused Assets to reduce memory usage. Loaded Objects now: 1747.
Total: 2.595800 ms (FindLiveObjects: 0.153800 ms CreateObjectMapping: 0.048600 ms MarkObjects: 2.380800 ms  DeleteObjects: 0.011600 ms)

========================================================================
Received Prepare
Registering precompiled user dll's ...
Registered in 0.000836 seconds.
Begin MonoManager ReloadAssembly
Native extension for WindowsStandalone target not found
Refreshing native plugins compatible for Editor in 0.40 ms, found 0 plugins.
Preloading 0 native plugins for Editor in 0.00 ms.
Mono: successfully reloaded assembly
- Completed reload, in  0.846 seconds
Platform modules already initialized, skipping
Refreshing native plugins compatible for Editor in 0.43 ms, found 0 plugins.
Preloading 0 native plugins for Editor in 0.00 ms.
Unloading 1136 Unused Serialized files (Serialized files now loaded: 0)
System memory in use before: 183.0 MB.
System memory in use after: 183.1 MB.

Unloading 4 unused Assets to reduce memory usage. Loaded Objects now: 1777.
Total: 2.530700 ms (FindLiveObjects: 0.451100 ms CreateObjectMapping: 0.178900 ms MarkObjects: 1.883300 ms  DeleteObjects: 0.014300 ms)

========================================================================
Received Import Request.
  Time since last request: 835.962288 seconds.
  path: Assets/Scripts/DoorOpening/SceneForwarder.cs
  artifactKey: Guid(6d989f648b8a5e9468d8ed1d5c031c98) Importer(815301076,1909f56bfc062723c751e8b465ee728b)
Start importing Assets/Scripts/DoorOpening/SceneForwarder.cs using Guid(6d989f648b8a5e9468d8ed1d5c031c98) Importer(815301076,1909f56bfc062723c751e8b465ee728b)  -> (artifact id: 'f9c5354e3f31a674fd2d58515500438d') in 0.009316 seconds 
========================================================================
Received Import Request.
  Time since last request: 51.406628 seconds.
  path: Assets/Scenes/Titres.unity
  artifactKey: Guid(1bb9197ce5aa34146ac252ff747c6763) Importer(815301076,1909f56bfc062723c751e8b465ee728b)
Start importing Assets/Scenes/Titres.unity using Guid(1bb9197ce5aa34146ac252ff747c6763) Importer(815301076,1909f56bfc062723c751e8b465ee728b)  -> (artifact id: '49b9dbe344edbac4982e539c8fa65bed') in 0.013258 seconds 
========================================================================
Received Import Request.
  Time since last request: 0.856108 seconds.
  path: Assets/Scenes/StartMenuScene.unity
  artifactKey: Guid(00a7bbf2292f16f4e89c2959b7467324) Importer(815301076,1909f56bfc062723c751e8b465ee728b)
Start importing Assets/Scenes/StartMenuScene.unity using Guid(00a7bbf2292f16f4e89c2959b7467324) Importer(815301076,1909f56bfc062723c751e8b465ee728b)  -> (artifact id: 'f4549c338c47a7c9f9c55d908a87d38b') in 0.002336 seconds 
========================================================================
Received Import Request.
  Time since last request: 41.245382 seconds.
  path: Assets/Scenes/MainScene.unity
  artifactKey: Guid(8c400eb1804d4a84fa3828265e010923) Importer(815301076,1909f56bfc062723c751e8b465ee728b)
Start importing Assets/Scenes/MainScene.unity using Guid(8c400eb1804d4a84fa3828265e010923) Importer(815301076,1909f56bfc062723c751e8b465ee728b)  -> (artifact id: '8532a7a4ea007213610d3e044f8e8a02') in 0.008288 seconds 
========================================================================
Received Prepare
Registering precompiled user dll's ...
Registered in 0.001028 seconds.
Begin MonoManager ReloadAssembly
Native extension for WindowsStandalone target not found
Refreshing native plugins compatible for Editor in 0.33 ms, found 0 plugins.
Preloading 0 native plugins for Editor in 0.00 ms.
Mono: successfully reloaded assembly
- Completed reload, in  0.873 seconds
Platform modules already initialized, skipping
Refreshing native plugins compatible for Editor in 0.54 ms, found 0 plugins.
Preloading 0 native plugins for Editor in 0.00 ms.
Unloading 1135 Unused Serialized files (Serialized files now loaded: 0)
System memory in use before: 183.0 MB.
System memory in use after: 183.1 MB.

Unloading 4 unused Assets to reduce memory usage. Loaded Objects now: 1780.
Total: 2.399400 ms (FindLiveObjects: 0.384500 ms CreateObjectMapping: 0.174400 ms MarkObjects: 1.824400 ms  DeleteObjects: 0.013800 ms)

========================================================================
Received Import Request.
  Time since last request: 862.371545 seconds.
  path: Assets/Scripts/DoorOpening/SceneForwarder.cs
  artifactKey: Guid(6d989f648b8a5e9468d8ed1d5c031c98) Importer(815301076,1909f56bfc062723c751e8b465ee728b)
Start importing Assets/Scripts/DoorOpening/SceneForwarder.cs using Guid(6d989f648b8a5e9468d8ed1d5c031c98) Importer(815301076,1909f56bfc062723c751e8b465ee728b)  -> (artifact id: 'c773f8dae96d94e8c9a9ba0ec12ee54b') in 0.009737 seconds 
========================================================================
Received Prepare
Registering precompiled user dll's ...
Registered in 0.000964 seconds.
Begin MonoManager ReloadAssembly
Native extension for WindowsStandalone target not found
Refreshing native plugins compatible for Editor in 0.28 ms, found 0 plugins.
Preloading 0 native plugins for Editor in 0.00 ms.
Mono: successfully reloaded assembly
- Completed reload, in  0.882 seconds
Platform modules already initialized, skipping
Refreshing native plugins compatible for Editor in 0.33 ms, found 0 plugins.
Preloading 0 native plugins for Editor in 0.00 ms.
Unloading 1135 Unused Serialized files (Serialized files now loaded: 0)
System memory in use before: 183.0 MB.
System memory in use after: 183.1 MB.

Unloading 4 unused Assets to reduce memory usage. Loaded Objects now: 1783.
Total: 2.345700 ms (FindLiveObjects: 0.283800 ms CreateObjectMapping: 0.101000 ms MarkObjects: 1.941200 ms  DeleteObjects: 0.018700 ms)

========================================================================
Received Import Request.
  Time since last request: 16.123663 seconds.
  path: Assets/Scripts/DoorOpening/SceneForwarder.cs
  artifactKey: Guid(6d989f648b8a5e9468d8ed1d5c031c98) Importer(815301076,1909f56bfc062723c751e8b465ee728b)
Start importing Assets/Scripts/DoorOpening/SceneForwarder.cs using Guid(6d989f648b8a5e9468d8ed1d5c031c98) Importer(815301076,1909f56bfc062723c751e8b465ee728b)  -> (artifact id: '5dbf0e0e991db77f51da5a0a860eaa74') in 0.007649 seconds 
========================================================================
Received Prepare
Registering precompiled user dll's ...
Registered in 0.000843 seconds.
Begin MonoManager ReloadAssembly
Native extension for WindowsStandalone target not found
Refreshing native plugins compatible for Editor in 0.46 ms, found 0 plugins.
Preloading 0 native plugins for Editor in 0.00 ms.
Mono: successfully reloaded assembly
- Completed reload, in  0.877 seconds
Platform modules already initialized, skipping
Refreshing native plugins compatible for Editor in 0.28 ms, found 0 plugins.
Preloading 0 native plugins for Editor in 0.00 ms.
Unloading 1135 Unused Serialized files (Serialized files now loaded: 0)
System memory in use before: 183.0 MB.
System memory in use after: 183.1 MB.

Unloading 4 unused Assets to reduce memory usage. Loaded Objects now: 1786.
Total: 3.111500 ms (FindLiveObjects: 0.267800 ms CreateObjectMapping: 0.083900 ms MarkObjects: 2.742100 ms  DeleteObjects: 0.016000 ms)

========================================================================
Received Import Request.
  Time since last request: 7.442965 seconds.
  path: Assets/Scripts/DoorOpening/SceneForwarder.cs
  artifactKey: Guid(6d989f648b8a5e9468d8ed1d5c031c98) Importer(815301076,1909f56bfc062723c751e8b465ee728b)
Start importing Assets/Scripts/DoorOpening/SceneForwarder.cs using Guid(6d989f648b8a5e9468d8ed1d5c031c98) Importer(815301076,1909f56bfc062723c751e8b465ee728b)  -> (artifact id: '4dbc68f36c7397d448d5a8e91b427a98') in 0.007941 seconds 
========================================================================
Received Import Request.
  Time since last request: 19.814687 seconds.
  path: Assets/Scenes/DoorOpeningScene.unity
  artifactKey: Guid(0f32dd59335a35549a6f79bfcc555ded) Importer(815301076,1909f56bfc062723c751e8b465ee728b)
Start importing Assets/Scenes/DoorOpeningScene.unity using Guid(0f32dd59335a35549a6f79bfcc555ded) Importer(815301076,1909f56bfc062723c751e8b465ee728b)  -> (artifact id: '7d222550e0cd4ab5baf86bc0ca69a097') in 0.029490 seconds 
========================================================================
Received Prepare
Registering precompiled user dll's ...
Registered in 0.000931 seconds.
Begin MonoManager ReloadAssembly
Native extension for WindowsStandalone target not found
Refreshing native plugins compatible for Editor in 0.30 ms, found 0 plugins.
Preloading 0 native plugins for Editor in 0.00 ms.
Mono: successfully reloaded assembly
- Completed reload, in  1.101 seconds
Platform modules already initialized, skipping
Refreshing native plugins compatible for Editor in 0.36 ms, found 0 plugins.
Preloading 0 native plugins for Editor in 0.00 ms.
Unloading 1135 Unused Serialized files (Serialized files now loaded: 0)
System memory in use before: 183.1 MB.
System memory in use after: 183.2 MB.

Unloading 4 unused Assets to reduce memory usage. Loaded Objects now: 1789.
Total: 1.908900 ms (FindLiveObjects: 0.147400 ms CreateObjectMapping: 0.036800 ms MarkObjects: 1.710800 ms  DeleteObjects: 0.012900 ms)

========================================================================
Received Prepare
Refreshing native plugins compatible for Editor in 0.79 ms, found 0 plugins.
Preloading 0 native plugins for Editor in 0.00 ms.
Unloading 3 Unused Serialized files (Serialized files now loaded: 0)
System memory in use before: 160.5 MB.
System memory in use after: 160.6 MB.

Unloading 2 unused Assets to reduce memory usage. Loaded Objects now: 1789.
Total: 2.257000 ms (FindLiveObjects: 0.216500 ms CreateObjectMapping: 0.087800 ms MarkObjects: 1.938600 ms  DeleteObjects: 0.013100 ms)

AssetImportWorkerClient::OnTransportError - code=2 error=End of file
